# Java VM: OpenJDK 64-Bit Server VM Temurin-21.0.9+10 (21.0.9+10-LTS, mixed mode, sharing, tiered, compressed oops, compressed class ptrs, parallel gc, windows-amd64)
GC Precious Log:
 CardTable entry size: 512
 CPUs: 4 total, 4 available
 Memory: 8113M
 Large Page Support: Disabled
 NUMA Support: Disabled
 Compressed Oops: Enabled (32-bit)
 Alignments: Space 512K, Generation 512K, Heap 2M
 Heap Min Capacity: 100M
 Heap Initial Capacity: 100M
 Heap Max Capacity: 2G
 Pre-touch: Disabled
 Parallel Workers: 4
Heap:
 PSYoungGen      total 23552K, used 3505K [0x00000000d5580000, 0x00000000d7580000, 0x0000000100000000)
  eden space 22016K, 10% used [0x00000000d5580000,0x00000000d57b44b8,0x00000000d6b00000)
  from space 1536K, 81% used [0x00000000d7400000,0x00000000d7538010,0x00000000d7580000)
  to   space 1536K, 0% used [0x00000000d7280000,0x00000000d7280000,0x00000000d7400000)
 ParOldGen       total 68608K, used 31456K [0x0000000080000000, 0x0000000084300000, 0x00000000d5580000)
  object space 68608K, 45% used [0x0000000080000000,0x0000000081eb8008,0x0000000084300000)
 Metaspace       used 30741K, committed 31488K, reserved 1114112K
  class space    used 3069K, committed 3392K, reserved 1048576K
GC Heap History (20 events):
Event: 39.908 GC heap before
{Heap before GC invocations=8 (full 1):
 PSYoungGen      total 27136K, used 2530K [0x00000000d5580000, 0x00000000d7a80000, 0x0000000100000000)
  eden space 24576K, 0% used [0x00000000d5580000,0x00000000d5580000,0x00000000d6d80000)
  from space 2560K, 98% used [0x00000000d7100000,0x00000000d73788a0,0x00000000d7380000)
  to   space 4096K, 0% used [0x00000000d7680000,0x00000000d7680000,0x00000000d7a80000)
 ParOldGen       total 68608K, used 23218K [0x0000000080000000, 0x0000000084300000, 0x00000000d5580000)
  object space 68608K, 33% used [0x0000000080000000,0x00000000816ac900,0x0000000084300000)
 Metaspace       used 20919K, committed 21504K, reserved 1114112K
  class space    used 2053K, committed 2304K, reserved 1048576K
}
Event: 40.110 GC heap after
{Heap after GC invocations=8 (full 1):
 PSYoungGen      total 27136K, used 0K [0x00000000d5580000, 0x00000000d7a80000, 0x0000000100000000)
  eden space 24576K, 0% used [0x00000000d5580000,0x00000000d5580000,0x00000000d6d80000)
  from space 2560K, 0% used [0x00000000d7100000,0x00000000d7100000,0x00000000d7380000)
  to   space 4096K, 0% used [0x00000000d7680000,0x00000000d7680000,0x00000000d7a80000)
 ParOldGen       total 68608K, used 23617K [0x0000000080000000, 0x0000000084300000, 0x00000000d5580000)
  object space 68608K, 34% used [0x0000000080000000,0x00000000817104b8,0x0000000084300000)
 Metaspace       used 20907K, committed 21504K, reserved 1114112K
  class space    used 2049K, committed 2304K, reserved 1048576K
}
Event: 52.141 GC heap before
{Heap before GC invocations=9 (full 1):
 PSYoungGen      total 27136K, used 24576K [0x00000000d5580000, 0x00000000d7a80000, 0x0000000100000000)
  eden space 24576K, 100% used [0x00000000d5580000,0x00000000d6d80000,0x00000000d6d80000)
  from space 2560K, 0% used [0x00000000d7100000,0x00000000d7100000,0x00000000d7380000)
  to   space 4096K, 0% used [0x00000000d7680000,0x00000000d7680000,0x00000000d7a80000)
 ParOldGen       total 68608K, used 23617K [0x0000000080000000, 0x0000000084300000, 0x00000000d5580000)
  object space 68608K, 34% used [0x0000000080000000,0x0000000081710550,0x0000000084300000)
 Metaspace       used 22934K, committed 23680K, reserved 1114112K
  class space    used 2221K, committed 2496K, reserved 1048576K
}
Event: 52.145 GC heap after
{Heap after GC invocations=9 (full 1):
 PSYoungGen      total 27136K, used 2310K [0x00000000d5580000, 0x00000000d7900000, 0x0000000100000000)
  eden space 24576K, 0% used [0x00000000d5580000,0x00000000d5580000,0x00000000d6d80000)
  from space 2560K, 90% used [0x00000000d7680000,0x00000000d78c1a18,0x00000000d7900000)
  to   space 3072K, 0% used [0x00000000d7300000,0x00000000d7300000,0x00000000d7600000)
 ParOldGen       total 68608K, used 23625K [0x0000000080000000, 0x0000000084300000, 0x00000000d5580000)
  object space 68608K, 34% used [0x0000000080000000,0x0000000081712550,0x0000000084300000)
 Metaspace       used 22934K, committed 23680K, reserved 1114112K
  class space    used 2221K, committed 2496K, reserved 1048576K
}
Event: 54.747 GC heap before
{Heap before GC invocations=10 (full 1):
 PSYoungGen      total 27136K, used 26886K [0x00000000d5580000, 0x00000000d7900000, 0x0000000100000000)
  eden space 24576K, 100% used [0x00000000d5580000,0x00000000d6d80000,0x00000000d6d80000)
  from space 2560K, 90% used [0x00000000d7680000,0x00000000d78c1a18,0x00000000d7900000)
  to   space 3072K, 0% used [0x00000000d7300000,0x00000000d7300000,0x00000000d7600000)
 ParOldGen       total 68608K, used 23627K [0x0000000080000000, 0x0000000084300000, 0x00000000d5580000)
  object space 68608K, 34% used [0x0000000080000000,0x0000000081712d70,0x0000000084300000)
 Metaspace       used 25848K, committed 26688K, reserved 1114112K
  class space    used 2536K, committed 2880K, reserved 1048576K
}
Event: 54.754 GC heap after
{Heap after GC invocations=10 (full 1):
 PSYoungGen      total 27136K, used 3056K [0x00000000d5580000, 0x00000000d7700000, 0x0000000100000000)
  eden space 24064K, 0% used [0x00000000d5580000,0x00000000d5580000,0x00000000d6d00000)
  from space 3072K, 99% used [0x00000000d7300000,0x00000000d75fc138,0x00000000d7600000)
  to   space 1024K, 0% used [0x00000000d7600000,0x00000000d7600000,0x00000000d7700000)
 ParOldGen       total 68608K, used 24539K [0x0000000080000000, 0x0000000084300000, 0x00000000d5580000)
  object space 68608K, 35% used [0x0000000080000000,0x00000000817f6dc0,0x0000000084300000)
 Metaspace       used 25848K, committed 26688K, reserved 1114112K
  class space    used 2536K, committed 2880K, reserved 1048576K
}
Event: 55.332 GC heap before
{Heap before GC invocations=11 (full 1):
 PSYoungGen      total 27136K, used 27120K [0x00000000d5580000, 0x00000000d7700000, 0x0000000100000000)
  eden space 24064K, 100% used [0x00000000d5580000,0x00000000d6d00000,0x00000000d6d00000)
  from space 3072K, 99% used [0x00000000d7300000,0x00000000d75fc138,0x00000000d7600000)
  to   space 1024K, 0% used [0x00000000d7600000,0x00000000d7600000,0x00000000d7700000)
 ParOldGen       total 68608K, used 24539K [0x0000000080000000, 0x0000000084300000, 0x00000000d5580000)
  object space 68608K, 35% used [0x0000000080000000,0x00000000817f6dc0,0x0000000084300000)
 Metaspace       used 25939K, committed 26752K, reserved 1114112K
  class space    used 2547K, committed 2880K, reserved 1048576K
}
Event: 55.362 GC heap after
{Heap after GC invocations=11 (full 1):
 PSYoungGen      total 24576K, used 992K [0x00000000d5580000, 0x00000000d7700000, 0x0000000100000000)
  eden space 23552K, 0% used [0x00000000d5580000,0x00000000d5580000,0x00000000d6c80000)
  from space 1024K, 96% used [0x00000000d7600000,0x00000000d76f8328,0x00000000d7700000)
  to   space 3584K, 0% used [0x00000000d7000000,0x00000000d7000000,0x00000000d7380000)
 ParOldGen       total 68608K, used 26624K [0x0000000080000000, 0x0000000084300000, 0x00000000d5580000)
  object space 68608K, 38% used [0x0000000080000000,0x0000000081a00000,0x0000000084300000)
 Metaspace       used 25939K, committed 26752K, reserved 1114112K
  class space    used 2547K, committed 2880K, reserved 1048576K
}
Event: 55.805 GC heap before
{Heap before GC invocations=12 (full 1):
 PSYoungGen      total 24576K, used 24544K [0x00000000d5580000, 0x00000000d7700000, 0x0000000100000000)
  eden space 23552K, 100% used [0x00000000d5580000,0x00000000d6c80000,0x00000000d6c80000)
  from space 1024K, 96% used [0x00000000d7600000,0x00000000d76f8328,0x00000000d7700000)
  to   space 3584K, 0% used [0x00000000d7000000,0x00000000d7000000,0x00000000d7380000)
 ParOldGen       total 68608K, used 26624K [0x0000000080000000, 0x0000000084300000, 0x00000000d5580000)
  object space 68608K, 38% used [0x0000000080000000,0x0000000081a00000,0x0000000084300000)
 Metaspace       used 25990K, committed 26816K, reserved 1114112K
  class space    used 2556K, committed 2880K, reserved 1048576K
}
Event: 55.807 GC heap after
{Heap after GC invocations=12 (full 1):
 PSYoungGen      total 26624K, used 128K [0x00000000d5580000, 0x00000000d7680000, 0x0000000100000000)
  eden space 23040K, 0% used [0x00000000d5580000,0x00000000d5580000,0x00000000d6c00000)
  from space 3584K, 3% used [0x00000000d7000000,0x00000000d7020000,0x00000000d7380000)
  to   space 1536K, 0% used [0x00000000d7500000,0x00000000d7500000,0x00000000d7680000)
 ParOldGen       total 68608K, used 27621K [0x0000000080000000, 0x0000000084300000, 0x00000000d5580000)
  object space 68608K, 40% used [0x0000000080000000,0x0000000081af9758,0x0000000084300000)
 Metaspace       used 25990K, committed 26816K, reserved 1114112K
  class space    used 2556K, committed 2880K, reserved 1048576K
}
Event: 59.195 GC heap before
{Heap before GC invocations=13 (full 1):
 PSYoungGen      total 26624K, used 23168K [0x00000000d5580000, 0x00000000d7680000, 0x0000000100000000)
  eden space 23040K, 100% used [0x00000000d5580000,0x00000000d6c00000,0x00000000d6c00000)
  from space 3584K, 3% used [0x00000000d7000000,0x00000000d7020000,0x00000000d7380000)
  to   space 1536K, 0% used [0x00000000d7500000,0x00000000d7500000,0x00000000d7680000)
 ParOldGen       total 68608K, used 27621K [0x0000000080000000, 0x0000000084300000, 0x00000000d5580000)
  object space 68608K, 40% used [0x0000000080000000,0x0000000081af9758,0x0000000084300000)
 Metaspace       used 26603K, committed 27456K, reserved 1114112K
  class space    used 2629K, committed 3008K, reserved 1048576K
}
Event: 59.198 GC heap after
{Heap after GC invocations=13 (full 1):
 PSYoungGen      total 23040K, used 352K [0x00000000d5580000, 0x00000000d7580000, 0x0000000100000000)
  eden space 22528K, 0% used [0x00000000d5580000,0x00000000d5580000,0x00000000d6b80000)
  from space 512K, 68% used [0x00000000d7500000,0x00000000d7558000,0x00000000d7580000)
  to   space 512K, 0% used [0x00000000d7480000,0x00000000d7480000,0x00000000d7500000)
 ParOldGen       total 68608K, used 27653K [0x0000000080000000, 0x0000000084300000, 0x00000000d5580000)
  object space 68608K, 40% used [0x0000000080000000,0x0000000081b01758,0x0000000084300000)
 Metaspace       used 26603K, committed 27456K, reserved 1114112K
  class space    used 2629K, committed 3008K, reserved 1048576K
}
Event: 63.726 GC heap before
{Heap before GC invocations=14 (full 1):
 PSYoungGen      total 23040K, used 22880K [0x00000000d5580000, 0x00000000d7580000, 0x0000000100000000)
  eden space 22528K, 100% used [0x00000000d5580000,0x00000000d6b80000,0x00000000d6b80000)
  from space 512K, 68% used [0x00000000d7500000,0x00000000d7558000,0x00000000d7580000)
  to   space 512K, 0% used [0x00000000d7480000,0x00000000d7480000,0x00000000d7500000)
 ParOldGen       total 68608K, used 27653K [0x0000000080000000, 0x0000000084300000, 0x00000000d5580000)
  object space 68608K, 40% used [0x0000000080000000,0x0000000081b01758,0x0000000084300000)
 Metaspace       used 29453K, committed 30336K, reserved 1114112K
  class space    used 2943K, committed 3328K, reserved 1048576K
}
Event: 63.734 GC heap after
{Heap after GC invocations=14 (full 1):
 PSYoungGen      total 22528K, used 512K [0x00000000d5580000, 0x00000000d7580000, 0x0000000100000000)
  eden space 22016K, 0% used [0x00000000d5580000,0x00000000d5580000,0x00000000d6b00000)
  from space 512K, 100% used [0x00000000d7480000,0x00000000d7500000,0x00000000d7500000)
  to   space 512K, 0% used [0x00000000d7500000,0x00000000d7500000,0x00000000d7580000)
 ParOldGen       total 68608K, used 28353K [0x0000000080000000, 0x0000000084300000, 0x00000000d5580000)
  object space 68608K, 41% used [0x0000000080000000,0x0000000081bb05c8,0x0000000084300000)
 Metaspace       used 29453K, committed 30336K, reserved 1114112K
  class space    used 2943K, committed 3328K, reserved 1048576K
}
Event: 4834.302 GC heap before
{Heap before GC invocations=15 (full 1):
 PSYoungGen      total 22528K, used 22527K [0x00000000d5580000, 0x00000000d7580000, 0x0000000100000000)
  eden space 22016K, 99% used [0x00000000d5580000,0x00000000d6affff0,0x00000000d6b00000)
  from space 512K, 100% used [0x00000000d7480000,0x00000000d7500000,0x00000000d7500000)
  to   space 512K, 0% used [0x00000000d7500000,0x00000000d7500000,0x00000000d7580000)
 ParOldGen       total 68608K, used 28353K [0x0000000080000000, 0x0000000084300000, 0x00000000d5580000)
  object space 68608K, 41% used [0x0000000080000000,0x0000000081bb05c8,0x0000000084300000)
 Metaspace       used 30670K, committed 31488K, reserved 1114112K
  class space    used 3069K, committed 3392K, reserved 1048576K
}
Event: 4835.005 GC heap after
{Heap after GC invocations=15 (full 1):
 PSYoungGen      total 22528K, used 512K [0x00000000d5580000, 0x00000000d7580000, 0x0000000100000000)
  eden space 22016K, 0% used [0x00000000d5580000,0x00000000d5580000,0x00000000d6b00000)
  from space 512K, 100% used [0x00000000d7500000,0x00000000d7580000,0x00000000d7580000)
  to   space 2560K, 0% used [0x00000000d7080000,0x00000000d7080000,0x00000000d7300000)
 ParOldGen       total 68608K, used 29956K [0x0000000080000000, 0x0000000084300000, 0x00000000d5580000)
  object space 68608K, 43% used [0x0000000080000000,0x0000000081d41038,0x0000000084300000)
 Metaspace       used 30670K, committed 31488K, reserved 1114112K
  class space    used 3069K, committed 3392K, reserved 1048576K
}
Event: 16773.432 GC heap before
{Heap before GC invocations=16 (full 1):
 PSYoungGen      total 22528K, used 22525K [0x00000000d5580000, 0x00000000d7580000, 0x0000000100000000)
  eden space 22016K, 99% used [0x00000000d5580000,0x00000000d6aff630,0x00000000d6b00000)
  from space 512K, 100% used [0x00000000d7500000,0x00000000d7580000,0x00000000d7580000)
  to   space 2560K, 0% used [0x00000000d7080000,0x00000000d7080000,0x00000000d7300000)
 ParOldGen       total 68608K, used 29956K [0x0000000080000000, 0x0000000084300000, 0x00000000d5580000)
  object space 68608K, 43% used [0x0000000080000000,0x0000000081d41038,0x0000000084300000)
 Metaspace       used 30733K, committed 31488K, reserved 1114112K
  class space    used 3069K, committed 3392K, reserved 1048576K
}
Event: 16779.324 GC heap after
{Heap after GC invocations=16 (full 1):
 PSYoungGen      total 24576K, used 1136K [0x00000000d5580000, 0x00000000d7580000, 0x0000000100000000)
  eden space 22016K, 0% used [0x00000000d5580000,0x00000000d5580000,0x00000000d6b00000)
  from space 2560K, 44% used [0x00000000d7080000,0x00000000d719c020,0x00000000d7300000)
  to   space 1536K, 0% used [0x00000000d7400000,0x00000000d7400000,0x00000000d7580000)
 ParOldGen       total 68608K, used 30479K [0x0000000080000000, 0x0000000084300000, 0x00000000d5580000)
  object space 68608K, 44% used [0x0000000080000000,0x0000000081dc3ff8,0x0000000084300000)
 Metaspace       used 30733K, committed 31488K, reserved 1114112K
  class space    used 3069K, committed 3392K, reserved 1048576K
}
Event: 27583.799 GC heap before
{Heap before GC invocations=17 (full 1):
 PSYoungGen      total 24576K, used 23152K [0x00000000d5580000, 0x00000000d7580000, 0x0000000100000000)
  eden space 22016K, 100% used [0x00000000d5580000,0x00000000d6b00000,0x00000000d6b00000)
  from space 2560K, 44% used [0x00000000d7080000,0x00000000d719c020,0x00000000d7300000)
  to   space 1536K, 0% used [0x00000000d7400000,0x00000000d7400000,0x00000000d7580000)
 ParOldGen       total 68608K, used 30479K [0x0000000080000000, 0x0000000084300000, 0x00000000d5580000)
  object space 68608K, 44% used [0x0000000080000000,0x0000000081dc3ff8,0x0000000084300000)
 Metaspace       used 30741K, committed 31488K, reserved 1114112K
  class space    used 3069K, committed 3392K, reserved 1048576K
}
Event: 27586.537 GC heap after
{Heap after GC invocations=17 (full 1):
 PSYoungGen      total 23552K, used 1248K [0x00000000d5580000, 0x00000000d7580000, 0x0000000100000000)
  eden space 22016K, 0% used [0x00000000d5580000,0x00000000d5580000,0x00000000d6b00000)
  from space 1536K, 81% used [0x00000000d7400000,0x00000000d7538010,0x00000000d7580000)
  to   space 1536K, 0% used [0x00000000d7280000,0x00000000d7280000,0x00000000d7400000)
 ParOldGen       total 68608K, used 31456K [0x0000000080000000, 0x0000000084300000, 0x00000000d5580000)
  object space 68608K, 45% used [0x0000000080000000,0x0000000081eb8008,0x0000000084300000)
 Metaspace       used 30741K, committed 31488K, reserved 1114112K
  class space    used 3069K, committed 3392K, reserved 1048576K
}

